  Test.cpp
D:\VS_Code\Projects\AVL树\AVLTree.h(359,12): warning C4244: “参数”: 从“time_t”转换到“unsigned int”，可能丢失数据
D:\Program Files (x86)\Visual Studio 2022\VC\Tools\MSVC\14.36.32532\include\utility(275,16): warning C4244: “初始化”: 从“_Ty”转换到“_Ty1”，可能丢失数据
          with
          [
              _Ty=unsigned __int64
          ]
          and
          [
              _Ty1=int
          ]
D:\VS_Code\Projects\AVL树\AVLTree.h(365,21): message : 查看对正在编译的函数 模板 实例化“std::pair<K,V>::pair<unsigned __int64,unsigned __int64,0>(std::pair<unsigned __int64,unsigned __int64> &&) noexcept”的引用
          with
          [
              K=int,
              V=int
          ]
D:\VS_Code\Projects\AVL树\AVLTree.h(365,11): message : 请参阅 "TestAVLTree2" 中对 "std::pair<K,V>::pair" 的第一个引用
          with
          [
              K=int,
              V=int
          ]
D:\Program Files (x86)\Visual Studio 2022\VC\Tools\MSVC\14.36.32532\include\utility(275,61): warning C4244: “初始化”: 从“_Ty”转换到“_Ty2”，可能丢失数据
          with
          [
              _Ty=unsigned __int64
          ]
          and
          [
              _Ty2=int
          ]
  AVL树.vcxproj -> D:\VS_Code\Projects\AVL树\x64\Debug\AVL树.exe
